<?xml version="1.0" encoding="UTF-8"?>
<!-- Generated by org.testng.reporters.JUnitReportReporter -->
<testsuite hostname="DESKTOP-IT1KP8Q" name="org.testing.testScripts.TC8" tests="1" failures="0" timestamp="6 Jun 2020 05:05:41 GMT" time="43.584" errors="0">
  <testcase name="home" time="43.584" classname="org.testing.testScripts.TC8"/>
</testsuite> <!-- org.testing.testScripts.TC8 -->
